::1 - - [13/Feb/2023:17:18:50 +0100] "GET / HTTP/1.1" 200 1689
::1 - - [13/Feb/2023:17:18:50 +0100] "GET /?getimg=title HTTP/1.1" 200 6119
::1 - - [13/Feb/2023:17:18:50 +0100] "GET /?getimg=folder HTTP/1.1" 200 537
::1 - - [13/Feb/2023:17:18:50 +0100] "GET /?getimg=favicon HTTP/1.1" 200 5430
::1 - - [13/Feb/2023:17:18:53 +0100] "GET /API_Demo HTTP/1.1" 301 333
::1 - - [13/Feb/2023:17:18:53 +0100] "GET /API_Demo/ HTTP/1.1" 200 1192
::1 - - [13/Feb/2023:17:18:53 +0100] "GET /icons/blank.gif HTTP/1.1" 200 148
::1 - - [13/Feb/2023:17:18:53 +0100] "GET /icons/back.gif HTTP/1.1" 200 216
::1 - - [13/Feb/2023:17:18:53 +0100] "GET /icons/folder.gif HTTP/1.1" 200 225
::1 - - [13/Feb/2023:17:18:53 +0100] "GET /favicon.ico HTTP/1.1" 404 308
::1 - - [13/Feb/2023:17:18:55 +0100] "GET /API_Demo/TEST_API/ HTTP/1.1" 200 1228
::1 - - [13/Feb/2023:17:18:55 +0100] "GET /icons/unknown.gif HTTP/1.1" 200 245
::1 - - [13/Feb/2023:17:18:56 +0100] "GET /API_Demo/API/login/G40/W38T4 HTTP/1.1" 200 35
::1 - - [13/Feb/2023:17:18:56 +0100] "GET /API_Demo/API/typesClients HTTP/1.1" 200 231
::1 - - [13/Feb/2023:17:18:56 +0100] "GET /API_Demo/API/clients HTTP/1.1" 200 1205
::1 - - [13/Feb/2023:17:18:56 +0100] "GET /API_Demo/API/clients/2 HTTP/1.1" 200 628
::1 - - [13/Feb/2023:17:18:56 +0100] "GET /API_Demo/API/client/1 HTTP/1.1" 200 287
::1 - - [13/Feb/2023:17:18:56 +0100] "GET /API_Demo/API/client/123 HTTP/1.1" 404 2
::1 - - [13/Feb/2023:17:18:56 +0100] "POST /API_Demo/API/typeClient HTTP/1.1" 201 24
::1 - - [13/Feb/2023:17:18:56 +0100] "GET /API_Demo/API/typesClients HTTP/1.1" 200 294
::1 - - [13/Feb/2023:17:18:56 +0100] "POST /API_Demo/API/client HTTP/1.1" 201 24
::1 - - [13/Feb/2023:17:18:56 +0100] "GET /API_Demo/API/clients HTTP/1.1" 200 1486
::1 - - [13/Feb/2023:17:18:56 +0100] "GET /API_Demo/API/catalogue HTTP/1.1" 200 1076
::1 - - [13/Feb/2023:17:18:56 +0100] "GET /API_Demo/TEST_API/testAPI.php HTTP/1.1" 200 7003
::1 - - [13/Feb/2023:17:18:56 +0100] "GET /API_Demo/TEST_API/bootstrap/css/bootstrap.css HTTP/1.1" 200 146010
::1 - - [13/Feb/2023:17:20:22 +0100] "GET / HTTP/1.1" 200 1752
::1 - - [13/Feb/2023:17:20:22 +0100] "GET /?getimg=title HTTP/1.1" 200 6119
::1 - - [13/Feb/2023:17:20:22 +0100] "GET /?getimg=folder HTTP/1.1" 200 537
::1 - - [13/Feb/2023:17:20:22 +0100] "GET /?getimg=favicon HTTP/1.1" 200 5430
::1 - - [13/Feb/2023:17:20:26 +0100] "GET /creationAPI HTTP/1.1" 301 336
::1 - - [13/Feb/2023:17:20:26 +0100] "GET /creationAPI/ HTTP/1.1" 200 1415
::1 - - [13/Feb/2023:17:20:26 +0100] "GET /icons/blank.gif HTTP/1.1" 304 -
::1 - - [13/Feb/2023:17:20:26 +0100] "GET /icons/back.gif HTTP/1.1" 304 -
::1 - - [13/Feb/2023:17:20:26 +0100] "GET /icons/folder.gif HTTP/1.1" 304 -
::1 - - [13/Feb/2023:17:20:26 +0100] "GET /icons/unknown.gif HTTP/1.1" 304 -
::1 - - [13/Feb/2023:17:20:28 +0100] "GET /creationAPI/testAPI/ HTTP/1.1" 200 663
::1 - - [13/Feb/2023:17:20:29 +0100] "GET /creationAPI/testAPI/bootstrap/css/bootstrap.css HTTP/1.1" 200 146010
::1 - - [13/Feb/2023:17:20:46 +0100] "GET /creationAPI/APITP3/articlesStockPrix HTTP/1.1" 200 112827
::1 - - [13/Feb/2023:17:20:54 +0100] "GET /creationAPI/APITP3/articlesStockPrix HTTP/1.1" 200 112827
::1 - - [13/Feb/2023:17:24:10 +0100] "GET /creationAPI/testAPI/ HTTP/1.1" 200 663
::1 - - [13/Feb/2023:17:24:25 +0100] "GET /creationAPI/APITP3/articlesStockPrix HTTP/1.1" 200 112827
::1 - - [13/Feb/2023:17:25:42 +0100] "GET /creationAPI/testAPI/ HTTP/1.1" 200 663
::1 - - [13/Feb/2023:17:25:53 +0100] "GET / HTTP/1.1" 200 1752
::1 - - [13/Feb/2023:17:25:53 +0100] "GET /?getimg=title HTTP/1.1" 200 6119
::1 - - [13/Feb/2023:17:25:53 +0100] "GET /?getimg=folder HTTP/1.1" 200 537
::1 - - [13/Feb/2023:17:25:56 +0100] "GET /API_Demo/ HTTP/1.1" 200 1192
::1 - - [13/Feb/2023:17:25:56 +0100] "GET /icons/blank.gif HTTP/1.1" 304 -
::1 - - [13/Feb/2023:17:25:56 +0100] "GET /icons/back.gif HTTP/1.1" 304 -
::1 - - [13/Feb/2023:17:25:56 +0100] "GET /icons/folder.gif HTTP/1.1" 304 -
::1 - - [13/Feb/2023:17:25:58 +0100] "GET /API_Demo/TEST_API/ HTTP/1.1" 200 1228
::1 - - [13/Feb/2023:17:25:58 +0100] "GET /icons/unknown.gif HTTP/1.1" 304 -
::1 - - [13/Feb/2023:17:25:59 +0100] "GET /API_Demo/API/login/G40/W38T4 HTTP/1.1" 200 35
::1 - - [13/Feb/2023:17:25:59 +0100] "GET /API_Demo/API/typesClients HTTP/1.1" 200 294
::1 - - [13/Feb/2023:17:25:59 +0100] "GET /API_Demo/API/clients HTTP/1.1" 200 1486
::1 - - [13/Feb/2023:17:25:59 +0100] "GET /API_Demo/API/clients/2 HTTP/1.1" 200 628
::1 - - [13/Feb/2023:17:25:59 +0100] "GET /API_Demo/API/client/1 HTTP/1.1" 200 287
::1 - - [13/Feb/2023:17:25:59 +0100] "GET /API_Demo/API/client/123 HTTP/1.1" 404 2
::1 - - [13/Feb/2023:17:25:59 +0100] "POST /API_Demo/API/typeClient HTTP/1.1" 201 24
::1 - - [13/Feb/2023:17:25:59 +0100] "GET /API_Demo/API/typesClients HTTP/1.1" 200 357
::1 - - [13/Feb/2023:17:25:59 +0100] "POST /API_Demo/API/client HTTP/1.1" 201 24
::1 - - [13/Feb/2023:17:25:59 +0100] "GET /API_Demo/API/clients HTTP/1.1" 200 1767
::1 - - [13/Feb/2023:17:25:59 +0100] "GET /API_Demo/API/catalogue HTTP/1.1" 200 1076
::1 - - [13/Feb/2023:17:25:59 +0100] "GET /API_Demo/TEST_API/testAPI.php HTTP/1.1" 200 7463
::1 - - [13/Feb/2023:17:25:59 +0100] "GET /API_Demo/TEST_API/bootstrap/css/bootstrap.css HTTP/1.1" 304 -
::1 - - [13/Feb/2023:17:29:08 +0100] "GET /creationAPI/ HTTP/1.1" 200 1415
::1 - - [13/Feb/2023:17:29:08 +0100] "GET /creationAPI/ HTTP/1.1" 200 1415
::1 - - [13/Feb/2023:17:29:08 +0100] "GET /icons/blank.gif HTTP/1.1" 304 -
::1 - - [13/Feb/2023:17:29:08 +0100] "GET /icons/back.gif HTTP/1.1" 304 -
::1 - - [13/Feb/2023:17:29:08 +0100] "GET /icons/folder.gif HTTP/1.1" 304 -
::1 - - [13/Feb/2023:17:29:08 +0100] "GET /icons/unknown.gif HTTP/1.1" 304 -
::1 - - [13/Feb/2023:17:29:12 +0100] "GET /creationAPI/ HTTP/1.1" 200 1415
::1 - - [13/Feb/2023:17:29:59 +0100] "GET /creationAPI/ HTTP/1.1" 200 1415
::1 - - [13/Feb/2023:17:29:59 +0100] "GET /creationAPI/APITP3/articlesStockPrix HTTP/1.1" 200 112827
::1 - - [13/Feb/2023:17:29:13 +0100] "GET /creationAPI/testAPI/ HTTP/1.1" 200 1731
::1 - - [13/Feb/2023:17:30:09 +0100] "GET /creationAPI/testAPI/ HTTP/1.1" 200 663
::1 - - [13/Feb/2023:17:30:09 +0100] "GET /creationAPI/APITP3/articlesStockPrix HTTP/1.1" 200 112827
::1 - - [13/Feb/2023:17:30:00 +0100] "GET /creationAPI/testAPI/ HTTP/1.1" 200 16644
::1 - - [13/Feb/2023:17:32:31 +0100] "GET /creationAPI/testAPI/ HTTP/1.1" 200 429
::1 - - [13/Feb/2023:17:32:31 +0100] "GET /creationAPI/APITP3/articlesStockPrix HTTP/1.1" 200 112827
::1 - - [13/Feb/2023:17:30:15 +0100] "GET /creationAPI/testAPI/ HTTP/1.1" 200 1731
::1 - - [13/Feb/2023:17:33:07 +0100] "GET /creationAPI/testAPI/ HTTP/1.1" 200 446
::1 - - [13/Feb/2023:17:34:20 +0100] "GET /creationAPI/testAPI/ HTTP/1.1" 200 663
::1 - - [13/Feb/2023:17:34:20 +0100] "GET /creationAPI/APITP3/articlesStockPrix HTTP/1.1" 200 112827
::1 - - [13/Feb/2023:17:34:08 +0100] "GET /creationAPI/testAPI/ HTTP/1.1" 200 16644
::1 - - [13/Feb/2023:17:37:28 +0100] "GET /creationAPI/APITP3/articlesStockPrix HTTP/1.1" 200 112827
::1 - - [13/Feb/2023:17:37:06 +0100] "GET /creationAPI/testAPI/ HTTP/1.1" 200 32830
::1 - - [13/Feb/2023:17:37:28 +0100] "GET /creationAPI/testAPI/ HTTP/1.1" 200 1971
::1 - - [13/Feb/2023:17:38:00 +0100] "GET /creationAPI/testAPI/ HTTP/1.1" 200 2159
::1 - - [13/Feb/2023:17:38:23 +0100] "GET /creationAPI/testAPI/ HTTP/1.1" 200 3606
::1 - - [13/Feb/2023:17:39:42 +0100] "GET /creationAPI/testAPI/ HTTP/1.1" 200 1971
::1 - - [13/Feb/2023:17:39:53 +0100] "GET /creationAPI/testAPI/ HTTP/1.1" 200 2152
::1 - - [13/Feb/2023:17:40:11 +0100] "GET /creationAPI/testAPI/ HTTP/1.1" 200 1971
::1 - - [13/Feb/2023:17:40:26 +0100] "GET /creationAPI/testAPI/ HTTP/1.1" 200 2727
::1 - - [13/Feb/2023:17:40:34 +0100] "GET /creationAPI/testAPI/ HTTP/1.1" 200 664
::1 - - [13/Feb/2023:17:40:58 +0100] "GET /creationAPI/ HTTP/1.1" 200 1415
::1 - - [13/Feb/2023:17:40:58 +0100] "GET /icons/blank.gif HTTP/1.1" 304 -
::1 - - [13/Feb/2023:17:40:58 +0100] "GET /icons/back.gif HTTP/1.1" 304 -
::1 - - [13/Feb/2023:17:40:58 +0100] "GET /icons/unknown.gif HTTP/1.1" 304 -
::1 - - [13/Feb/2023:17:40:58 +0100] "GET /icons/folder.gif HTTP/1.1" 304 -
::1 - - [13/Feb/2023:17:41:01 +0100] "GET /creationAPI/APITP3/ HTTP/1.1" 404 42
::1 - - [13/Feb/2023:17:41:09 +0100] "GET /creationAPI/testAPI/ HTTP/1.1" 200 664
::1 - - [13/Feb/2023:17:41:50 +0100] "GET /creationAPI/testAPI/ HTTP/1.1" 200 664
::1 - - [13/Feb/2023:17:41:52 +0100] "GET /creationAPI/testAPI/ HTTP/1.1" 200 664
127.0.0.1 - - [13/Feb/2023:17:41:58 +0100] "GET /creationAPI/testAPI/ HTTP/1.1" 200 664
127.0.0.1 - - [13/Feb/2023:17:41:58 +0100] "GET /creationAPI/testAPI/bootstrap/css/bootstrap.css HTTP/1.1" 200 146010
127.0.0.1 - - [13/Feb/2023:17:41:58 +0100] "GET /favicon.ico HTTP/1.1" 404 308
127.0.0.1 - - [13/Feb/2023:17:42:07 +0100] "GET /creationAPI/testAPI/ HTTP/1.1" 200 664
::1 - - [13/Feb/2023:17:42:13 +0100] "GET /creationAPI/testAPI/ HTTP/1.1" 200 664
::1 - - [13/Feb/2023:17:42:51 +0100] "GET /creationAPI/testAPI/ HTTP/1.1" 200 869
::1 - - [13/Feb/2023:17:45:02 +0100] "GET /creationAPI/testAPI/ HTTP/1.1" 200 664
::1 - - [13/Feb/2023:17:45:04 +0100] "GET /creationAPI/testAPI/ HTTP/1.1" 200 664
::1 - - [13/Feb/2023:17:45:04 +0100] "GET /creationAPI/testAPI/ HTTP/1.1" 200 664
::1 - - [13/Feb/2023:17:45:05 +0100] "GET /creationAPI/testAPI/ HTTP/1.1" 200 664
::1 - - [13/Feb/2023:17:45:14 +0100] "GET /creationAPI/testAPI/ HTTP/1.1" 200 664
::1 - - [13/Feb/2023:17:45:23 +0100] "GET /creationAPI/testAPI/ HTTP/1.1" 200 664
::1 - - [13/Feb/2023:17:45:23 +0100] "GET /creationAPI/testAPI/ HTTP/1.1" 200 664
::1 - - [13/Feb/2023:17:45:54 +0100] "GET /creationAPI/testAPI/ HTTP/1.1" 200 664
::1 - - [13/Feb/2023:17:46:55 +0100] "GET /creationAPI/testAPI/ HTTP/1.1" 200 664
::1 - - [13/Feb/2023:17:47:08 +0100] "GET /creationAPI/testAPI/ HTTP/1.1" 200 984
::1 - - [13/Feb/2023:17:47:26 +0100] "GET /creationAPI/testAPI/ HTTP/1.1" 200 1729
::1 - - [13/Feb/2023:17:48:02 +0100] "GET /creationAPI/APITP3/articlesStockPrix HTTP/1.1" 200 112827
::1 - - [13/Feb/2023:17:47:51 +0100] "GET /creationAPI/testAPI/ HTTP/1.1" 200 16645
::1 - - [13/Feb/2023:17:48:02 +0100] "GET /creationAPI/testAPI/ HTTP/1.1" 200 664
::1 - - [13/Feb/2023:17:48:27 +0100] "GET / HTTP/1.1" 200 1752
::1 - - [13/Feb/2023:17:48:27 +0100] "GET /?getimg=title HTTP/1.1" 200 6119
::1 - - [13/Feb/2023:17:48:27 +0100] "GET /?getimg=folder HTTP/1.1" 200 537
::1 - - [13/Feb/2023:17:48:30 +0100] "GET /API_Demo/ HTTP/1.1" 200 1192
::1 - - [13/Feb/2023:17:48:30 +0100] "GET /icons/blank.gif HTTP/1.1" 304 -
::1 - - [13/Feb/2023:17:48:30 +0100] "GET /icons/back.gif HTTP/1.1" 304 -
::1 - - [13/Feb/2023:17:48:30 +0100] "GET /icons/folder.gif HTTP/1.1" 304 -
::1 - - [13/Feb/2023:17:48:31 +0100] "GET /API_Demo/TEST_API/ HTTP/1.1" 200 1228
::1 - - [13/Feb/2023:17:48:31 +0100] "GET /icons/unknown.gif HTTP/1.1" 304 -
::1 - - [13/Feb/2023:17:48:32 +0100] "GET /API_Demo/API/login/G40/W38T4 HTTP/1.1" 200 35
::1 - - [13/Feb/2023:17:48:32 +0100] "GET /API_Demo/API/typesClients HTTP/1.1" 200 357
::1 - - [13/Feb/2023:17:48:32 +0100] "GET /API_Demo/API/clients HTTP/1.1" 200 1767
::1 - - [13/Feb/2023:17:48:32 +0100] "GET /API_Demo/API/clients/2 HTTP/1.1" 200 628
::1 - - [13/Feb/2023:17:48:32 +0100] "GET /API_Demo/API/client/1 HTTP/1.1" 200 287
::1 - - [13/Feb/2023:17:48:32 +0100] "GET /API_Demo/API/client/123 HTTP/1.1" 404 2
::1 - - [13/Feb/2023:17:48:32 +0100] "POST /API_Demo/API/typeClient HTTP/1.1" 201 24
::1 - - [13/Feb/2023:17:48:32 +0100] "GET /API_Demo/API/typesClients HTTP/1.1" 200 420
::1 - - [13/Feb/2023:17:48:32 +0100] "POST /API_Demo/API/client HTTP/1.1" 201 24
::1 - - [13/Feb/2023:17:48:32 +0100] "GET /API_Demo/API/clients HTTP/1.1" 200 2048
::1 - - [13/Feb/2023:17:48:33 +0100] "GET /API_Demo/API/catalogue HTTP/1.1" 200 1076
::1 - - [13/Feb/2023:17:48:32 +0100] "GET /API_Demo/TEST_API/testAPI.php HTTP/1.1" 200 7923
::1 - - [13/Feb/2023:17:48:33 +0100] "GET /API_Demo/TEST_API/bootstrap/css/bootstrap.css HTTP/1.1" 304 -
::1 - - [13/Feb/2023:17:48:49 +0100] "GET /creationAPI/ HTTP/1.1" 200 1415
::1 - - [13/Feb/2023:17:48:53 +0100] "GET /creationAPI/testAPI/ HTTP/1.1" 200 664
::1 - - [13/Feb/2023:17:54:00 +0100] "GET / HTTP/1.1" 200 1752
::1 - - [13/Feb/2023:17:54:00 +0100] "GET /creationAPI/APITP3/articlesStockPrix HTTP/1.1" 200 112827
::1 - - [13/Feb/2023:17:51:36 +0100] "GET /creationAPI/testAPI/ HTTP/1.1" 200 1732
::1 - - [13/Feb/2023:17:54:00 +0100] "GET /?getimg=title HTTP/1.1" 200 6119
::1 - - [13/Feb/2023:17:54:00 +0100] "GET /?getimg=folder HTTP/1.1" 200 537
::1 - - [13/Feb/2023:17:54:03 +0100] "GET /API_Demo/ HTTP/1.1" 200 1192
::1 - - [13/Feb/2023:17:54:03 +0100] "GET /icons/blank.gif HTTP/1.1" 304 -
::1 - - [13/Feb/2023:17:54:03 +0100] "GET /icons/back.gif HTTP/1.1" 304 -
::1 - - [13/Feb/2023:17:54:03 +0100] "GET /icons/folder.gif HTTP/1.1" 304 -
::1 - - [13/Feb/2023:17:54:04 +0100] "GET /API_Demo/TEST_API/ HTTP/1.1" 200 1228
::1 - - [13/Feb/2023:17:54:04 +0100] "GET /icons/unknown.gif HTTP/1.1" 304 -
::1 - - [13/Feb/2023:17:54:07 +0100] "GET /API_Demo/API/ HTTP/1.1" 404 42
::1 - - [13/Feb/2023:17:54:10 +0100] "GET /API_Demo/API/articlesStockPrix HTTP/1.1" 200 201
::1 - - [13/Feb/2023:17:55:55 +0100] "GET /API_Demo/API/articlesStockPrix HTTP/1.1" 200 112827
::1 - - [13/Feb/2023:17:56:33 +0100] "GET /API_Demo/API/clients HTTP/1.1" 401 67
::1 - - [13/Feb/2023:17:56:37 +0100] "GET /API_Demo/API/catalogue HTTP/1.1" 200 1076
::1 - - [13/Feb/2023:17:56:59 +0100] "GET /API_Demo/API/clients HTTP/1.1" 401 67
127.0.0.1 - - [13/Feb/2023:17:57:25 +0100] "GET /API_Demo/API/articlesStockPrix HTTP/1.1" 200 112827
::1 - - [13/Feb/2023:17:59:51 +0100] "GET /API_Demo/API/articlesStockPrix HTTP/1.1" 200 112827
127.0.0.1 - - [13/Feb/2023:17:59:51 +0100] "GET /API_Demo/API/articlesStockPrix HTTP/1.1" 200 112827
::1 - - [13/Feb/2023:17:59:51 +0100] "GET /creationAPI/testAPI/ HTTP/1.1" 200 249412
127.0.0.1 - - [13/Feb/2023:18:00:06 +0100] "GET /API_Demo/API/articlesStockPrix HTTP/1.1" 200 112827
::1 - - [13/Feb/2023:18:00:06 +0100] "GET /creationAPI/testAPI/ HTTP/1.1" 200 81810
127.0.0.1 - - [13/Feb/2023:18:07:56 +0100] "GET /creationAPI/testAPI/articleStockPrix HTTP/1.1" 404 333
::1 - - [13/Feb/2023:18:07:56 +0100] "GET /creationAPI/testAPI/ HTTP/1.1" 200 664
127.0.0.1 - - [13/Feb/2023:18:08:12 +0100] "GET /creationAPI/testAPI/articleStockPrix HTTP/1.1" 404 333
127.0.0.1 - - [13/Feb/2023:18:08:31 +0100] "GET /creationAPI/testAPI/articlesStockPrix HTTP/1.1" 404 334
127.0.0.1 - - [13/Feb/2023:18:08:47 +0100] "GET /creationAPI/testAPI/articlesStockPrix HTTP/1.1" 404 334
127.0.0.1 - - [13/Feb/2023:18:08:48 +0100] "GET /creationAPI/testAPI/articlesStockPrix HTTP/1.1" 404 334
127.0.0.1 - - [13/Feb/2023:18:08:49 +0100] "GET /creationAPI/testAPI/articlesStockPrix HTTP/1.1" 404 334
127.0.0.1 - - [13/Feb/2023:18:08:49 +0100] "GET /creationAPI/testAPI/articlesStockPrix HTTP/1.1" 404 334
127.0.0.1 - - [13/Feb/2023:18:09:05 +0100] "GET /creationAPI/testAPI/articlesStockPrix HTTP/1.1" 404 334
127.0.0.1 - - [13/Feb/2023:18:09:42 +0100] "GET /creationAPI/testAPI/articlesStockPrix HTTP/1.1" 404 334
::1 - - [13/Feb/2023:18:10:22 +0100] "GET /creationAPI/testAPI/articlesStockPrix HTTP/1.1" 404 334
127.0.0.1 - - [13/Feb/2023:18:10:22 +0100] "GET /creationAPI/testAPI/articlesStockPrix HTTP/1.1" 404 334
::1 - - [13/Feb/2023:18:11:12 +0100] "GET /API_Demo/ HTTP/1.1" 200 1192
::1 - - [13/Feb/2023:18:11:13 +0100] "GET /icons/blank.gif HTTP/1.1" 304 -
::1 - - [13/Feb/2023:18:11:13 +0100] "GET /icons/back.gif HTTP/1.1" 304 -
::1 - - [13/Feb/2023:18:11:13 +0100] "GET /icons/folder.gif HTTP/1.1" 304 -
::1 - - [13/Feb/2023:18:11:13 +0100] "GET /API_Demo/TEST_API/ HTTP/1.1" 200 1228
::1 - - [13/Feb/2023:18:11:14 +0100] "GET /icons/unknown.gif HTTP/1.1" 304 -
::1 - - [13/Feb/2023:18:11:14 +0100] "GET /API_Demo/API/login/G40/W38T4 HTTP/1.1" 200 35
::1 - - [13/Feb/2023:18:11:14 +0100] "GET /API_Demo/API/typesClients HTTP/1.1" 200 420
::1 - - [13/Feb/2023:18:11:14 +0100] "GET /API_Demo/API/clients HTTP/1.1" 200 2048
::1 - - [13/Feb/2023:18:11:14 +0100] "GET /API_Demo/API/clients/2 HTTP/1.1" 200 628
::1 - - [13/Feb/2023:18:11:14 +0100] "GET /API_Demo/API/client/1 HTTP/1.1" 200 287
::1 - - [13/Feb/2023:18:11:14 +0100] "GET /API_Demo/API/client/123 HTTP/1.1" 404 2
::1 - - [13/Feb/2023:18:11:14 +0100] "POST /API_Demo/API/typeClient HTTP/1.1" 201 24
::1 - - [13/Feb/2023:18:11:14 +0100] "GET /API_Demo/API/typesClients HTTP/1.1" 200 483
::1 - - [13/Feb/2023:18:11:14 +0100] "POST /API_Demo/API/client HTTP/1.1" 201 24
::1 - - [13/Feb/2023:18:11:14 +0100] "GET /API_Demo/API/clients HTTP/1.1" 200 2329
::1 - - [13/Feb/2023:18:11:14 +0100] "GET /API_Demo/API/catalogue HTTP/1.1" 200 1076
::1 - - [13/Feb/2023:18:11:14 +0100] "GET /API_Demo/TEST_API/testAPI.php HTTP/1.1" 200 8383
::1 - - [13/Feb/2023:18:11:15 +0100] "GET /API_Demo/TEST_API/bootstrap/css/bootstrap.css HTTP/1.1" 304 -
::1 - - [13/Feb/2023:18:11:18 +0100] "GET /creationAPI/ HTTP/1.1" 200 1415
127.0.0.1 - - [13/Feb/2023:18:11:22 +0100] "GET /creationAPI/testAPI/articlesStockPrix HTTP/1.1" 404 334
::1 - - [13/Feb/2023:18:11:19 +0100] "GET /creationAPI/testAPI/ HTTP/1.1" 200 664
127.0.0.1 - - [13/Feb/2023:18:11:22 +0100] "GET /creationAPI/testAPI/articlesStockPrix HTTP/1.1" 404 334
::1 - - [13/Feb/2023:18:11:07 +0100] "GET /creationAPI/testAPI/ HTTP/1.1" 200 664
127.0.0.1 - - [13/Feb/2023:18:11:22 +0100] "GET /creationAPI/testAPI/articlesStockPrix HTTP/1.1" 404 334
::1 - - [13/Feb/2023:18:11:22 +0100] "GET /creationAPI/testAPI/ HTTP/1.1" 200 664
::1 - - [13/Feb/2023:18:12:58 +0100] "GET /API_Demo/API/articlesStockPrix HTTP/1.1" 200 112827
::1 - - [13/Feb/2023:18:12:27 +0100] "GET /creationAPI/testAPI/ HTTP/1.1" 200 1732
127.0.0.1 - - [13/Feb/2023:18:12:58 +0100] "GET /API_Demo/API/articlesStockPrix HTTP/1.1" 200 112827
::1 - - [13/Feb/2023:18:12:58 +0100] "GET /creationAPI/testAPI/ HTTP/1.1" 200 81810
::1 - - [13/Feb/2023:18:19:10 +0100] "GET /mysql/ HTTP/1.1" 200 3087
::1 - - [13/Feb/2023:18:19:10 +0100] "GET /mysql/themes/pmahomme/jquery/jquery-ui-1.11.2.css HTTP/1.1" 200 35212
::1 - - [13/Feb/2023:18:19:10 +0100] "GET /mysql/js/codemirror/lib/codemirror.css?v=4.5.4.1 HTTP/1.1" 200 7771
::1 - - [13/Feb/2023:18:19:10 +0100] "GET /mysql/js/codemirror/addon/hint/show-hint.css?v=4.5.4.1 HTTP/1.1" 200 662
::1 - - [13/Feb/2023:18:19:10 +0100] "GET /mysql/js/codemirror/addon/lint/lint.css?v=4.5.4.1 HTTP/1.1" 200 3068
::1 - - [13/Feb/2023:18:19:10 +0100] "GET /mysql/themes/pmahomme/css/printview.css?v=4.5.4.1 HTTP/1.1" 200 3082
::1 - - [13/Feb/2023:18:19:10 +0100] "GET /mysql/js/whitelist.php?lang=fr&db=&collation_connection=utf8_unicode_ci&token=defd0244f2ebb2b833e92b10d3dd8482&v=4.5.4.1 HTTP/1.1" 200 482
::1 - - [13/Feb/2023:18:19:10 +0100] "GET /mysql/js/get_scripts.js.php?scripts%5B%5D=common.js&scripts%5B%5D=config.js&scripts%5B%5D=page_settings.js&scripts%5B%5D=codemirror/lib/codemirror.js&scripts%5B%5D=codemirror/mode/sql/sql.js&scripts%5B%5D=codemirror/addon/runmode/runmode.js&scripts%5B%5D=codemirror/addon/hint/show-hint.js&scripts%5B%5D=codemirror/addon/hint/sql-hint.js&scripts%5B%5D=codemirror/addon/lint/lint.js&scripts%5B%5D=codemirror/addon/lint/sql-lint.js&scripts%5B%5D=console.js&v=4.5.4.1 HTTP/1.1" 200 129440
::1 - - [13/Feb/2023:18:19:10 +0100] "GET /mysql/js/get_scripts.js.php?scripts%5B%5D=jquery/jquery-1.11.1.min.js&scripts%5B%5D=sprintf.js&scripts%5B%5D=ajax.js&scripts%5B%5D=keyhandler.js&scripts%5B%5D=jquery/jquery-ui-1.11.2.min.js&scripts%5B%5D=jquery/jquery.cookie.js&scripts%5B%5D=jquery/jquery.mousewheel.js&scripts%5B%5D=jquery/jquery.event.drag-2.2.js&scripts%5B%5D=jquery/jquery-ui-timepicker-addon.js&scripts%5B%5D=jquery/jquery.ba-hashchange-1.3.js&scripts%5B%5D=jquery/jquery.debounce-1.0.5.js&scripts%5B%5D=menu-resizer.js&scripts%5B%5D=cross_framing_protection.js&scripts%5B%5D=rte.js&scripts%5B%5D=tracekit/tracekit.js&scripts%5B%5D=error_report.js&scripts%5B%5D=doclinks.js&scripts%5B%5D=functions.js&scripts%5B%5D=navigation.js&scripts%5B%5D=indexes.js&v=4.5.4.1 HTTP/1.1" 200 216429
::1 - - [13/Feb/2023:18:19:10 +0100] "GET /mysql/js/get_image.js.php?theme=pmahomme&v=4.5.4.1 HTTP/1.1" 200 1822
::1 - - [13/Feb/2023:18:19:10 +0100] "GET /mysql/phpmyadmin.css.php?nocache=5028915745ltr HTTP/1.1" 200 20076
::1 - - [13/Feb/2023:18:19:11 +0100] "GET /mysql/themes/pmahomme/img/logo_right.png HTTP/1.1" 200 4548
::1 - - [13/Feb/2023:18:19:11 +0100] "GET /mysql/themes/dot.gif HTTP/1.1" 200 43
::1 - - [13/Feb/2023:18:19:10 +0100] "GET /mysql/js/messages.php?lang=fr&db=&collation_connection=utf8_unicode_ci&token=defd0244f2ebb2b833e92b10d3dd8482&v=4.5.4.1 HTTP/1.1" 200 9507
::1 - - [13/Feb/2023:18:19:11 +0100] "GET /mysql/themes/pmahomme/img/sprites.png?v=4.5.4.1 HTTP/1.1" 200 46795
::1 - - [13/Feb/2023:18:19:11 +0100] "GET /mysql/favicon.ico HTTP/1.1" 200 22486
::1 - - [13/Feb/2023:18:19:15 +0100] "POST /mysql/index.php HTTP/1.1" 302 25
::1 - - [13/Feb/2023:18:19:15 +0100] "GET /mysql/index.php?token=defd0244f2ebb2b833e92b10d3dd8482&phpMyAdmin=3n6e8ect5mp00g3obbqffaiiiackl9h1 HTTP/1.1" 200 13529
::1 - - [13/Feb/2023:18:19:15 +0100] "GET /mysql/phpmyadmin.css.php?nocache=6705224500ltr HTTP/1.1" 200 20076
::1 - - [13/Feb/2023:18:19:15 +0100] "GET /mysql/js/whitelist.php?lang=fr&db=&token=defd0244f2ebb2b833e92b10d3dd8482&v=4.5.4.1 HTTP/1.1" 200 482
::1 - - [13/Feb/2023:18:19:16 +0100] "GET /mysql/themes/pmahomme/img/logo_left.png HTTP/1.1" 200 2327
::1 - - [13/Feb/2023:18:19:16 +0100] "GET /mysql/themes/pmahomme/img/ajax_clock_small.gif HTTP/1.1" 200 1810
::1 - - [13/Feb/2023:18:19:16 +0100] "GET /mysql/themes/pmahomme/img/s_collapseall.png HTTP/1.1" 200 170
::1 - - [13/Feb/2023:18:19:15 +0100] "GET /mysql/js/messages.php?lang=fr&db=&token=defd0244f2ebb2b833e92b10d3dd8482&v=4.5.4.1 HTTP/1.1" 200 9507
::1 - - [13/Feb/2023:18:19:16 +0100] "GET /mysql/themes/pmahomme/img/left_nav_bg.png HTTP/1.1" 200 297
::1 - - [13/Feb/2023:18:19:16 +0100] "POST /mysql/db_structure.php?ajax_request=1&favorite_table=1&sync_favorite_tables=1&token=defd0244f2ebb2b833e92b10d3dd8482 HTTP/1.1" 200 164
::1 - - [13/Feb/2023:18:19:16 +0100] "GET /mysql/version_check.php?server=1&_nocache=1676308756380978661 HTTP/1.1" 200 2
::1 - - [13/Feb/2023:18:19:20 +0100] "GET /mysql/navigation.php?ajax_request=1&token=defd0244f2ebb2b833e92b10d3dd8482&aPath=cm9vdA%3D%3D.bWV6YWJpMw%3D%3D&vPath=cm9vdA%3D%3D.bWV6YWJpMw%3D%3D&pos=0&pos2_name=&pos2_value=&searchClause=&searchClause2=&_nocache=1676308760104749758 HTTP/1.1" 200 2317
::1 - - [13/Feb/2023:18:19:23 +0100] "GET /mysql/navigation.php?ajax_request=1&token=defd0244f2ebb2b833e92b10d3dd8482&aPath=cm9vdA%3D%3D.bWV6YWJpMw%3D%3D.dGFibGVz.YXJ0aWNsZXM%3D&vPath=cm9vdA%3D%3D.bWV6YWJpMw%3D%3D.VGFibGVz.YXJ0aWNsZXM%3D&pos=0&pos2_name=tables&pos2_value=0&searchClause=&searchClause2=&_nocache=167630876314243210 HTTP/1.1" 200 1931
::1 - - [13/Feb/2023:18:19:30 +0100] "GET /mysql/navigation.php?ajax_request=1&token=defd0244f2ebb2b833e92b10d3dd8482&aPath=cm9vdA%3D%3D.bWV6YWJpMw%3D%3D.dGFibGVz.c3RvY2twcml4&vPath=cm9vdA%3D%3D.bWV6YWJpMw%3D%3D.VGFibGVz.c3RvY2twcml4&pos=0&pos2_name=tables&pos2_value=0&searchClause=&searchClause2=&_nocache=1676308770286425849 HTTP/1.1" 200 1934
::1 - - [13/Feb/2023:18:19:32 +0100] "GET /mysql/sql.php?server=1&db=mezabi3&table=stockprix&pos=0&token=defd0244f2ebb2b833e92b10d3dd8482&ajax_request=true&ajax_page_request=true&_nocache=1676308772996706835 HTTP/1.1" 200 10723
::1 - - [13/Feb/2023:18:19:33 +0100] "GET /mysql/themes/pmahomme/img/arrow_ltr.png HTTP/1.1" 200 139
::1 - - [13/Feb/2023:18:19:33 +0100] "GET /mysql/themes/pmahomme/img/s_fulltext.png HTTP/1.1" 200 193
::1 - - [13/Feb/2023:18:19:33 +0100] "GET /mysql/js/get_scripts.js.php?scripts%5B%5D=jquery/jquery.uitablefilter.js&scripts%5B%5D=tbl_change.js&scripts%5B%5D=gis_data_editor.js&scripts%5B%5D=multi_column_sort.js&scripts%5B%5D=makegrid.js&scripts%5B%5D=sql.js&call_done=1&v=4.5.4.1 HTTP/1.1" 200 37074
::1 - - [13/Feb/2023:18:19:33 +0100] "GET /mysql/themes/pmahomme/img/col_pointer.png HTTP/1.1" 200 113
::1 - - [13/Feb/2023:18:19:33 +0100] "GET /mysql/themes/pmahomme/img/col_drop.png HTTP/1.1" 200 132
::1 - - [13/Feb/2023:18:19:33 +0100] "GET /mysql/index.php?ajax_request=1&recent_table=1&token=defd0244f2ebb2b833e92b10d3dd8482&no_debug=true&_nocache=1676308773484909590 HTTP/1.1" 200 1457
::1 - - [13/Feb/2023:18:19:33 +0100] "POST /mysql/navigation.php?ajax_request=1&token=defd0244f2ebb2b833e92b10d3dd8482 HTTP/1.1" 200 3470
::1 - - [13/Feb/2023:18:20:17 +0100] "GET /mysql/sql.php?db=mezabi3&table=stockprix&sql_query=SELECT+%2A+FROM+%60stockprix%60++%0AORDER+BY+%60stockprix%60.%60CODE_BARRE%60+ASC&session_max_rows=25&is_browse_distinct=0&token=defd0244f2ebb2b833e92b10d3dd8482&ajax_request=true&ajax_page_request=true&_nocache=16763088178634599 HTTP/1.1" 200 11146
::1 - - [13/Feb/2023:18:20:17 +0100] "GET /mysql/sql.php?db=mezabi3&table=stockprix&sql_query=SELECT+%2A+FROM+%60stockprix%60++%0AORDER+BY+%60stockprix%60.%60CODE_BARRE%60+ASC&session_max_rows=25&is_browse_distinct=0&token=defd0244f2ebb2b833e92b10d3dd8482&ajax_request=true&ajax_page_request=true&_nocache=1676308817993157572 HTTP/1.1" 200 11151
::1 - - [13/Feb/2023:18:20:18 +0100] "GET /mysql/index.php?ajax_request=1&recent_table=1&token=defd0244f2ebb2b833e92b10d3dd8482&no_debug=true&_nocache=1676308818449424964 HTTP/1.1" 200 1457
